<?xml version="1.0" encoding="UTF-8"?>
<testsuite name="AutomateDU" tests="1" skipped="0" failures="0" errors="0" timestamp="2023-10-14T19:28:03" hostname="DESKTOP-SVPFEHK" time="20.322">
  <properties/>
  <testcase name="automateForm()" classname="AutomateDU" time="20.322"/>
  <system-out><![CDATA[]]></system-out>
  <system-err><![CDATA[SLF4J: Failed to load class "org.slf4j.impl.StaticLoggerBinder".
SLF4J: Defaulting to no-operation (NOP) logger implementation
SLF4J: See http://www.slf4j.org/codes.html#StaticLoggerBinder for further details.
Oct 15, 2023 1:28:03 AM org.openqa.selenium.devtools.CdpVersionFinder findNearestMatch
WARNING: Unable to find an exact match for CDP version 117, so returning the closest version found: 116
]]></system-err>
</testsuite>
